current directory: /Users/jiaxuwu/Documents/GitHub/jiaxuwu.github.io/resume-template/_vendor/bundle/ruby/3.2.0/gems/ffi-1.15.5/ext/ffi_c
/Users/jiaxuwu/.rbenv/versions/3.2.2/bin/ruby extconf.rb
checking for ffi_prep_closure_loc() in -lffi... yes
checking for ffi_prep_cif_var()... yes
checking for ffi_raw_call()... yes
checking for ffi_prep_raw_closure()... yes
checking for whether -pthread is accepted as LDFLAGS... yes
creating extconf.h
creating Makefile

current directory: /Users/jiaxuwu/Documents/GitHub/jiaxuwu.github.io/resume-template/_vendor/bundle/ruby/3.2.0/gems/ffi-1.15.5/ext/ffi_c
make DESTDIR\= sitearchdir\=./.gem.20230829-68556-pr1s5p sitelibdir\=./.gem.20230829-68556-pr1s5p clean

current directory: /Users/jiaxuwu/Documents/GitHub/jiaxuwu.github.io/resume-template/_vendor/bundle/ruby/3.2.0/gems/ffi-1.15.5/ext/ffi_c
make DESTDIR\= sitearchdir\=./.gem.20230829-68556-pr1s5p sitelibdir\=./.gem.20230829-68556-pr1s5p
compiling AbstractMemory.c
compiling ArrayType.c
compiling Buffer.c
compiling Call.c
compiling ClosurePool.c
compiling DynamicLibrary.c
compiling Function.c
compiling FunctionInfo.c
compiling LastError.c
compiling LongDouble.c
compiling MappedType.c
compiling MemoryPointer.c
compiling MethodHandle.c
compiling Platform.c
compiling Pointer.c
compiling Struct.c
compiling StructByValue.c
compiling StructLayout.c
compiling Thread.c
compiling Type.c
compiling Types.c
compiling Variadic.c
compiling ffi.c
linking shared-object ffi_c.bundle

current directory: /Users/jiaxuwu/Documents/GitHub/jiaxuwu.github.io/resume-template/_vendor/bundle/ruby/3.2.0/gems/ffi-1.15.5/ext/ffi_c
make DESTDIR\= sitearchdir\=./.gem.20230829-68556-pr1s5p sitelibdir\=./.gem.20230829-68556-pr1s5p install
/usr/bin/install -c -m 0755 ffi_c.bundle ./.gem.20230829-68556-pr1s5p

current directory: /Users/jiaxuwu/Documents/GitHub/jiaxuwu.github.io/resume-template/_vendor/bundle/ruby/3.2.0/gems/ffi-1.15.5/ext/ffi_c
make DESTDIR\= sitearchdir\=./.gem.20230829-68556-pr1s5p sitelibdir\=./.gem.20230829-68556-pr1s5p clean
